01-13 19:50:16 com_github_MitjaNemec_ReplicateLayout.action_replicate_layout 400:Plugin executed on: 'linux'
01-13 19:50:16 com_github_MitjaNemec_ReplicateLayout.action_replicate_layout 401:Plugin executed with python version: '3.11.7 (main, Nov 10 2011, 15:00:00) [GCC 13.2.0]'
01-13 19:50:16 com_github_MitjaNemec_ReplicateLayout.action_replicate_layout 402:KiCad build version: 7.0.10
01-13 19:50:16 com_github_MitjaNemec_ReplicateLayout.action_replicate_layout 403:Plugin version: 2.1.0
01-13 19:50:16 com_github_MitjaNemec_ReplicateLayout.action_replicate_layout 404:Frame repr: <wx._core.Frame object at 0x7f4b25ede290>
01-13 19:50:16 com_github_MitjaNemec_ReplicateLayout.action_replicate_layout 428:Preparing replicator with U1 as a reference
01-13 19:50:16 com_github_MitjaNemec_ReplicateLayout.replicate_layout 116:getting a list of all footprints on board
01-13 19:50:16 com_github_MitjaNemec_ReplicateLayout.action_replicate_layout 476:source anchor footprint is 'U1'
Located on: ['AD5235-1']
With filenames: ['AD5235.kicad_sch']
With sheet_id:['AD5235-1']
01-13 19:50:16 com_github_MitjaNemec_ReplicateLayout.action_replicate_layout 483:Corresponding footprints are 
[('U4', ['AD5235-4']), ('U3', ['AD5235-3']), ('U2', ['AD5235-2']), ('U1', ['AD5235-1'])]
01-13 19:50:16 com_github_MitjaNemec_ReplicateLayout.action_replicate_layout 495:Showing dialog
01-13 19:50:16 com_github_MitjaNemec_ReplicateLayout.replicate_layout 403:constructing a list of sheets suitable for replication on level:'AD5235-1', file:'AD5235.kicad_sch'
01-13 19:50:16 com_github_MitjaNemec_ReplicateLayout.replicate_layout 440:suitable sheets are:[['AD5235-2'], ['AD5235-3'], ['AD5235-4']]
01-13 19:50:16 com_github_MitjaNemec_ReplicateLayout.replicate_layout 1411:Level selected: ['AD5235-1']
01-13 19:50:16 com_github_MitjaNemec_ReplicateLayout.replicate_layout 1246:Filtering list of tracks
01-13 19:50:16 com_github_MitjaNemec_ReplicateLayout.action_replicate_layout 501:Toolbar position: wx.Point(2699, 1570)
01-13 19:50:16 com_github_MitjaNemec_ReplicateLayout.action_replicate_layout 506:Dialog position: wx.Point(2337, 1570)
01-13 19:50:19 com_github_MitjaNemec_ReplicateLayout.replicate_layout 403:constructing a list of sheets suitable for replication on level:'AD5235-1', file:'AD5235.kicad_sch'
01-13 19:50:19 com_github_MitjaNemec_ReplicateLayout.replicate_layout 440:suitable sheets are:[['AD5235-2'], ['AD5235-3'], ['AD5235-4']]
01-13 19:50:19 com_github_MitjaNemec_ReplicateLayout.action_replicate_layout 248:Replicating layout
01-13 19:50:19 com_github_MitjaNemec_ReplicateLayout.replicate_layout 239:Starting replication of sheets: [['AD5235-2'], ['AD5235-3'], ['AD5235-4']]
on level: ['AD5235-1']
with tracks=True, zone=True, text=True, text=True, intersecting=False, remove=False, locked footprints=False, group_only=False
01-13 19:50:19 root 340:updating GUI message: 'Preparing for replication'
01-13 19:50:19 com_github_MitjaNemec_ReplicateLayout.replicate_layout 309:Getting the list of source footprints
01-13 19:50:19 root 345:updating GUI with: 0
01-13 19:50:19 com_github_MitjaNemec_ReplicateLayout.replicate_layout 319:Getting the list of all the remaining footprints
01-13 19:50:19 com_github_MitjaNemec_ReplicateLayout.replicate_layout 326:Getting source tracks
01-13 19:50:19 com_github_MitjaNemec_ReplicateLayout.replicate_layout 1246:Filtering list of tracks
01-13 19:50:19 com_github_MitjaNemec_ReplicateLayout.replicate_layout 330:Getting source zones
01-13 19:50:19 com_github_MitjaNemec_ReplicateLayout.replicate_layout 334:Getting source text items
01-13 19:50:19 com_github_MitjaNemec_ReplicateLayout.replicate_layout 338:Getting source drawing items
01-13 19:50:19 root 340:updating GUI message: 'Replicating footprints'
01-13 19:50:19 com_github_MitjaNemec_ReplicateLayout.replicate_layout 754:Replicating footprints
01-13 19:50:19 com_github_MitjaNemec_ReplicateLayout.replicate_layout 761:Replicating footprints on sheet ['AD5235-2']
01-13 19:50:19 root 345:updating GUI with: 33
01-13 19:50:19 com_github_MitjaNemec_ReplicateLayout.replicate_layout 761:Replicating footprints on sheet ['AD5235-3']
01-13 19:50:19 com_github_MitjaNemec_ReplicateLayout.replicate_layout 761:Replicating footprints on sheet ['AD5235-4']
01-13 19:50:19 root 340:updating GUI message: 'Replicating tracks'
01-13 19:50:19 com_github_MitjaNemec_ReplicateLayout.replicate_layout 924:Replicating tracks
01-13 19:50:19 com_github_MitjaNemec_ReplicateLayout.replicate_layout 930:Replicating tracks on sheet ['AD5235-2']
01-13 19:50:19 com_github_MitjaNemec_ReplicateLayout.replicate_layout 749:Net pairs for sheet ['AD5235-2'] :[('/AD5235-1/CLK', '/AD5235-1/CS'), ('Net-(U1-B1)', 'Net-(U2-B1)'), ('+5V', '+5V'), ('/AD5235-1/SDO', '/AD5235-2/SDO'), ('Net-(U1-A1)', 'Net-(U2-A1)'), ('Net-(U1-W2)', 'Net-(U2-W2)'), ('GND', 'GND'), ('/AD5235-1/SDI', '/AD5235-1/SDO'), ('Net-(U1-B2)', 'Net-(U2-B2)'), ('/AD5235-1/CS', '/AD5235-1/CLK'), ('/AD5235-1/RDY', '/AD5235-1/RDY'), ('Net-(U1-W1)', 'Net-(U2-W1)'), ('Net-(U1-A2)', 'Net-(U2-A2)')]
01-13 19:50:19 com_github_MitjaNemec_ReplicateLayout.replicate_layout 930:Replicating tracks on sheet ['AD5235-3']
01-13 19:50:19 com_github_MitjaNemec_ReplicateLayout.replicate_layout 733:Cannot pair src net: ['', 'AD5235-1', 'SDI'] and dst net: ['', 'AD5235-2', 'SDO'], with src_net_depth=3, dst_net_depth=3, src_fp_depth=1, dst_fp_depth=1
01-13 19:50:19 com_github_MitjaNemec_ReplicateLayout.replicate_layout 749:Net pairs for sheet ['AD5235-3'] :[('Net-(U1-A2)', 'Net-(U3-A2)'), ('+5V', '+5V'), ('/AD5235-1/CLK', '/AD5235-1/CLK'), ('Net-(U1-W2)', 'Net-(U3-W2)'), ('Net-(U1-B2)', 'Net-(U3-B2)'), ('Net-(U1-W1)', 'Net-(U3-W1)'), ('Net-(U1-B1)', 'Net-(U3-B1)'), ('GND', 'GND'), ('/AD5235-1/SDO', '/AD5235-3/SDO'), ('Net-(U1-A1)', 'Net-(U3-A1)'), ('/AD5235-1/CS', '/AD5235-1/CS'), ('/AD5235-1/RDY', '/AD5235-1/RDY')]
01-13 19:50:19 root 345:updating GUI with: 46
01-13 19:50:19 root 345:updating GUI with: 47
01-13 19:50:19 com_github_MitjaNemec_ReplicateLayout.replicate_layout 930:Replicating tracks on sheet ['AD5235-4']
01-13 19:50:19 com_github_MitjaNemec_ReplicateLayout.replicate_layout 733:Cannot pair src net: ['', 'AD5235-1', 'SDI'] and dst net: ['', 'AD5235-3', 'SDO'], with src_net_depth=3, dst_net_depth=3, src_fp_depth=1, dst_fp_depth=1
01-13 19:50:19 com_github_MitjaNemec_ReplicateLayout.replicate_layout 749:Net pairs for sheet ['AD5235-4'] :[('Net-(U1-W2)', 'Net-(U4-W2)'), ('Net-(U1-A1)', 'Net-(U4-A1)'), ('+5V', '+5V'), ('/AD5235-1/CLK', '/AD5235-1/CLK'), ('Net-(U1-B2)', 'Net-(U4-B2)'), ('/AD5235-1/CS', '/AD5235-1/CS'), ('/AD5235-1/SDO', '/AD5235-4/SDO'), ('Net-(U1-W1)', 'Net-(U4-W1)'), ('GND', 'GND'), ('Net-(U1-B1)', 'Net-(U4-B1)'), ('Net-(U1-A2)', 'Net-(U4-A2)'), ('/AD5235-1/RDY', '/AD5235-1/RDY')]
01-13 19:50:19 root 340:updating GUI message: 'Replicating zones'
01-13 19:50:19 com_github_MitjaNemec_ReplicateLayout.replicate_layout 994:Replicating zones
01-13 19:50:19 com_github_MitjaNemec_ReplicateLayout.replicate_layout 1001:Replicating zones on sheet ['AD5235-2']
01-13 19:50:19 com_github_MitjaNemec_ReplicateLayout.replicate_layout 749:Net pairs for sheet ['AD5235-2'] :[('/AD5235-1/CLK', '/AD5235-1/CS'), ('Net-(U1-B1)', 'Net-(U2-B1)'), ('+5V', '+5V'), ('/AD5235-1/SDO', '/AD5235-2/SDO'), ('Net-(U1-A1)', 'Net-(U2-A1)'), ('Net-(U1-W2)', 'Net-(U2-W2)'), ('GND', 'GND'), ('/AD5235-1/SDI', '/AD5235-1/SDO'), ('Net-(U1-B2)', 'Net-(U2-B2)'), ('/AD5235-1/CS', '/AD5235-1/CLK'), ('/AD5235-1/RDY', '/AD5235-1/RDY'), ('Net-(U1-W1)', 'Net-(U2-W1)'), ('Net-(U1-A2)', 'Net-(U2-A2)')]
01-13 19:50:19 com_github_MitjaNemec_ReplicateLayout.replicate_layout 1001:Replicating zones on sheet ['AD5235-3']
01-13 19:50:19 com_github_MitjaNemec_ReplicateLayout.replicate_layout 733:Cannot pair src net: ['', 'AD5235-1', 'SDI'] and dst net: ['', 'AD5235-2', 'SDO'], with src_net_depth=3, dst_net_depth=3, src_fp_depth=1, dst_fp_depth=1
01-13 19:50:19 com_github_MitjaNemec_ReplicateLayout.replicate_layout 749:Net pairs for sheet ['AD5235-3'] :[('Net-(U1-A2)', 'Net-(U3-A2)'), ('+5V', '+5V'), ('/AD5235-1/CLK', '/AD5235-1/CLK'), ('Net-(U1-W2)', 'Net-(U3-W2)'), ('Net-(U1-B2)', 'Net-(U3-B2)'), ('Net-(U1-W1)', 'Net-(U3-W1)'), ('Net-(U1-B1)', 'Net-(U3-B1)'), ('GND', 'GND'), ('/AD5235-1/SDO', '/AD5235-3/SDO'), ('Net-(U1-A1)', 'Net-(U3-A1)'), ('/AD5235-1/CS', '/AD5235-1/CS'), ('/AD5235-1/RDY', '/AD5235-1/RDY')]
01-13 19:50:19 com_github_MitjaNemec_ReplicateLayout.replicate_layout 1001:Replicating zones on sheet ['AD5235-4']
01-13 19:50:19 com_github_MitjaNemec_ReplicateLayout.replicate_layout 733:Cannot pair src net: ['', 'AD5235-1', 'SDI'] and dst net: ['', 'AD5235-3', 'SDO'], with src_net_depth=3, dst_net_depth=3, src_fp_depth=1, dst_fp_depth=1
01-13 19:50:19 com_github_MitjaNemec_ReplicateLayout.replicate_layout 749:Net pairs for sheet ['AD5235-4'] :[('Net-(U1-W2)', 'Net-(U4-W2)'), ('Net-(U1-A1)', 'Net-(U4-A1)'), ('+5V', '+5V'), ('/AD5235-1/CLK', '/AD5235-1/CLK'), ('Net-(U1-B2)', 'Net-(U4-B2)'), ('/AD5235-1/CS', '/AD5235-1/CS'), ('/AD5235-1/SDO', '/AD5235-4/SDO'), ('Net-(U1-W1)', 'Net-(U4-W1)'), ('GND', 'GND'), ('Net-(U1-B1)', 'Net-(U4-B1)'), ('Net-(U1-A2)', 'Net-(U4-A2)'), ('/AD5235-1/RDY', '/AD5235-1/RDY')]
01-13 19:50:19 root 340:updating GUI message: 'Replicating text'
01-13 19:50:19 com_github_MitjaNemec_ReplicateLayout.replicate_layout 1083:Replicating text
01-13 19:50:19 com_github_MitjaNemec_ReplicateLayout.replicate_layout 1090:Replicating text on sheet ['AD5235-2']
01-13 19:50:19 com_github_MitjaNemec_ReplicateLayout.replicate_layout 1090:Replicating text on sheet ['AD5235-3']
01-13 19:50:19 com_github_MitjaNemec_ReplicateLayout.replicate_layout 1090:Replicating text on sheet ['AD5235-4']
01-13 19:50:19 root 340:updating GUI message: 'Replicating drawings'
01-13 19:50:19 com_github_MitjaNemec_ReplicateLayout.replicate_layout 1134:Replicating drawings
01-13 19:50:19 com_github_MitjaNemec_ReplicateLayout.replicate_layout 1140:Replicating drawings on sheet ['AD5235-2']
01-13 19:50:19 com_github_MitjaNemec_ReplicateLayout.replicate_layout 1140:Replicating drawings on sheet ['AD5235-3']
01-13 19:50:19 com_github_MitjaNemec_ReplicateLayout.replicate_layout 1140:Replicating drawings on sheet ['AD5235-4']
01-13 19:50:19 com_github_MitjaNemec_ReplicateLayout.action_replicate_layout 264:Replication complete
01-13 19:50:19 com_github_MitjaNemec_ReplicateLayout.action_replicate_layout 267:Letting the user know there are some issues with replicated design
01-13 19:50:19 com_github_MitjaNemec_ReplicateLayout.action_replicate_layout 271:Looks like the design has an exotic connectivity that is not supported by the plugin
 Make sure that you check the connectivity around:
Footprint U3, pad 2
Footprint U4, pad 2

